drivers/net/wireless/ap6210/Kconfig:42:warning: defaults for choice values not supported
#
# configuration written to .config
#
scripts/kconfig/conf --silentoldconfig Kconfig
drivers/net/wireless/ap6210/Kconfig:42:warning: defaults for choice values not supported
  CHK     include/linux/version.h
  CHK     include/generated/utsrelease.h
make[1]: 'include/generated/mach-types.h' is up to date.
  CALL    scripts/checksyscalls.sh
grep: scripts/../arch/x86/syscalls/syscall_32.tbl: Nema takve datoteke ili direktorija
  CHK     include/generated/compile.h
  GEN     usr/initramfs_data.cpio
  AS      usr/initramfs_data.o
  LD      usr/built-in.o
  AS      arch/arm/mach-sunxi/power/brom/resumes.o
  CC      arch/arm/mach-sunxi/power/brom/resume_head.o
Source file is open
Destination file is created.
Source file is open
Destination file is open.
temp value is 400.
0
soure_file size is 220. 
destination_file size is 0x400.
check sum generated is 0x18AC2A9.
Everything is ok.
  CC      arch/arm/mach-sunxi/power/main.o
  CC      arch/arm/mach-sunxi/power/extended_standby.o
  AS      arch/arm/mach-sunxi/power/brom.o
  LD      arch/arm/mach-sunxi/power/suspend.o
  LD      arch/arm/mach-sunxi/power/built-in.o
  LD      arch/arm/mach-sunxi/built-in.o
  CC      drivers/net/ethernet/sunxi/eth/sunxi_geth.o
drivers/net/ethernet/sunxi/eth/sunxi_geth.c: In function ‘geth_sys_request’:
drivers/net/ethernet/sunxi/eth/sunxi_geth.c:1704:30: warning: extra tokens at end of #ifdef directive [enabled by default]
  CC      drivers/video/sunxi/disp2/disp/dev_fb.o
drivers/video/sunxi/disp2/disp/dev_fb.c: In function ‘fb_init’:
drivers/video/sunxi/disp2/disp/dev_fb.c:1293:8: warning: unused variable ‘task_name’ [-Wunused-variable]
drivers/video/sunxi/disp2/disp/dev_fb.c:1285:21: warning: unused variable ‘param’ [-Wunused-variable]
drivers/video/sunxi/disp2/disp/dev_fb.c: At top level:
drivers/video/sunxi/disp2/disp/dev_fb.c:746:12: warning: ‘vsync_thread’ defined but not used [-Wunused-function]
  LD      drivers/net/ethernet/sunxi/eth/sunxi_gmac.o
  LD      drivers/net/ethernet/sunxi/eth/built-in.o
  LD      drivers/net/ethernet/sunxi/built-in.o
  LD      drivers/net/ethernet/built-in.o
  LD      drivers/net/built-in.o
  LD      drivers/video/sunxi/disp2/disp/disp.o
  LD      drivers/video/sunxi/disp2/disp/built-in.o
  LD      drivers/video/sunxi/built-in.o
  LD      drivers/video/built-in.o
  LD      drivers/built-in.o
  LD      vmlinux.o
  MODPOST vmlinux.o
WARNING: modpost: Found 20 section mismatch(es).
To see full details build your kernel with:
'make CONFIG_DEBUG_SECTION_MISMATCH=y'
  GEN     .version
  CHK     include/generated/compile.h
  UPD     include/generated/compile.h
  CC      init/version.o
  LD      init/built-in.o
  LD      .tmp_vmlinux1
  KSYM    .tmp_kallsyms1.S
  AS      .tmp_kallsyms1.o
  LD      .tmp_vmlinux2
  KSYM    .tmp_kallsyms2.S
  AS      .tmp_kallsyms2.o
  LD      vmlinux
  SYSMAP  System.map
  SYSMAP  .tmp_System.map
  OBJCOPY arch/arm/boot/Image
  Building modules, stage 2.
  Kernel: arch/arm/boot/Image is ready
  GZIP    arch/arm/boot/compressed/piggy.gzip
  MODPOST 130 modules
WARNING: modpost: Found 5 section mismatch(es).
To see full details build your kernel with:
'make CONFIG_DEBUG_SECTION_MISMATCH=y'
  AS      arch/arm/boot/compressed/piggy.gzip.o
  LD      arch/arm/boot/compressed/vmlinux
  OBJCOPY arch/arm/boot/zImage
  Kernel: arch/arm/boot/zImage is ready
  UIMAGE  arch/arm/boot/uImage
Image Name:   Linux-3.4.39
Created:      Sun Oct 11 14:26:58 2015
Image Type:   ARM Linux Kernel Image (uncompressed)
Data Size:    10915824 Bytes = 10659.98 kB = 10.41 MB
Load Address: 40008000
Entry Point:  40008000
  Image arch/arm/boot/uImage is ready
  INSTALL crypto/af_alg.ko
  INSTALL crypto/algif_hash.ko
  INSTALL crypto/algif_rng.ko
  INSTALL crypto/algif_skcipher.ko
  INSTALL crypto/crypto_user.ko
  INSTALL drivers/bluetooth/bcm_btlpm.ko
  INSTALL drivers/bluetooth/btusb.ko
  INSTALL drivers/bluetooth/rtl_bluesleep.ko
  INSTALL drivers/char/sunxi-di/deinterlace.ko
  INSTALL drivers/char/sunxi-scr/scr.ko
  INSTALL drivers/crypto/sunxi/ss.ko
  INSTALL drivers/gpio/gpio-sunxi.ko
  INSTALL drivers/gpu/drm/drm.ko
  INSTALL drivers/i2c/algos/i2c-algo-bit.ko
  INSTALL drivers/input/keyboard/sunxi-ir-rx.ko
  INSTALL drivers/input/sw-device.ko
  INSTALL drivers/media/common/tuners/max2165.ko
  INSTALL drivers/media/common/tuners/mc44s803.ko
  INSTALL drivers/media/common/tuners/mt2060.ko
  INSTALL drivers/media/common/tuners/mt2063.ko
  INSTALL drivers/media/common/tuners/mt20xx.ko
  INSTALL drivers/media/common/tuners/mt2131.ko
  INSTALL drivers/media/common/tuners/mt2266.ko
  INSTALL drivers/media/common/tuners/mxl5005s.ko
  INSTALL drivers/media/common/tuners/mxl5007t.ko
  INSTALL drivers/media/common/tuners/qt1010.ko
  INSTALL drivers/media/common/tuners/tda18212.ko
  INSTALL drivers/media/common/tuners/tda18218.ko
  INSTALL drivers/media/common/tuners/tda18271.ko
  INSTALL drivers/media/common/tuners/tda827x.ko
  INSTALL drivers/media/common/tuners/tda8290.ko
  INSTALL drivers/media/common/tuners/tda9887.ko
  INSTALL drivers/media/common/tuners/tea5761.ko
  INSTALL drivers/media/common/tuners/tea5767.ko
  INSTALL drivers/media/common/tuners/tuner-simple.ko
  INSTALL drivers/media/common/tuners/tuner-types.ko
  INSTALL drivers/media/common/tuners/tuner-xc2028.ko
  INSTALL drivers/media/common/tuners/xc4000.ko
  INSTALL drivers/media/common/tuners/xc5000.ko
  INSTALL drivers/media/video/gspca/gspca_main.ko
  INSTALL drivers/media/video/sunxi-vfe/actuator/actuator.ko
  INSTALL drivers/media/video/sunxi-vfe/actuator/ad5820_act.ko
  INSTALL drivers/media/video/sunxi-vfe/actuator/dw9714_act.ko
  INSTALL drivers/media/video/sunxi-vfe/actuator/ov8825_act.ko
  INSTALL drivers/media/video/sunxi-vfe/csi_cci/cci.ko
  INSTALL drivers/media/video/sunxi-vfe/device/ar0330.ko
  INSTALL drivers/media/video/sunxi-vfe/device/gc0307.ko
  INSTALL drivers/media/video/sunxi-vfe/device/gc0308.ko
  INSTALL drivers/media/video/sunxi-vfe/device/gc0311.ko
  INSTALL drivers/media/video/sunxi-vfe/device/gc0328.ko
  INSTALL drivers/media/video/sunxi-vfe/device/gc0329.ko
  INSTALL drivers/media/video/sunxi-vfe/device/gc2035.ko
  INSTALL drivers/media/video/sunxi-vfe/device/gc2155.ko
  INSTALL drivers/media/video/sunxi-vfe/device/gc5004.ko
  INSTALL drivers/media/video/sunxi-vfe/device/gc5004_mipi.ko
  INSTALL drivers/media/video/sunxi-vfe/device/gt2005.ko
  INSTALL drivers/media/video/sunxi-vfe/device/hi253.ko
  INSTALL drivers/media/video/sunxi-vfe/device/imx214.ko
  INSTALL drivers/media/video/sunxi-vfe/device/ov12830.ko
  INSTALL drivers/media/video/sunxi-vfe/device/ov13850.ko
  INSTALL drivers/media/video/sunxi-vfe/device/ov16825.ko
  INSTALL drivers/media/video/sunxi-vfe/device/ov2640.ko
  INSTALL drivers/media/video/sunxi-vfe/device/ov2710_mipi.ko
  INSTALL drivers/media/video/sunxi-vfe/device/ov5640.ko
  INSTALL drivers/media/video/sunxi-vfe/device/ov5647.ko
  INSTALL drivers/media/video/sunxi-vfe/device/ov5647_mipi.ko
  INSTALL drivers/media/video/sunxi-vfe/device/ov5648.ko
  INSTALL drivers/media/video/sunxi-vfe/device/ov5650.ko
  INSTALL drivers/media/video/sunxi-vfe/device/ov7736.ko
  INSTALL drivers/media/video/sunxi-vfe/device/ov8825.ko
  INSTALL drivers/media/video/sunxi-vfe/device/ov8850.ko
  INSTALL drivers/media/video/sunxi-vfe/device/ov8858.ko
  INSTALL drivers/media/video/sunxi-vfe/device/ov8858_4lane.ko
  INSTALL drivers/media/video/sunxi-vfe/device/s5k4e1.ko
  INSTALL drivers/media/video/sunxi-vfe/device/s5k4e1_mipi.ko
  INSTALL drivers/media/video/sunxi-vfe/device/s5k4ec.ko
  INSTALL drivers/media/video/sunxi-vfe/device/s5k4ec_mipi.ko
  INSTALL drivers/media/video/sunxi-vfe/device/s5k5e2yx.ko
  INSTALL drivers/media/video/sunxi-vfe/device/sp0718.ko
  INSTALL drivers/media/video/sunxi-vfe/device/sp0838.ko
  INSTALL drivers/media/video/sunxi-vfe/device/sp2518.ko
  INSTALL drivers/media/video/sunxi-vfe/device/sp2519.ko
  INSTALL drivers/media/video/sunxi-vfe/device/sp5408.ko
  INSTALL drivers/media/video/sunxi-vfe/device/sp5409.ko
  INSTALL drivers/media/video/sunxi-vfe/device/t8et5.ko
  INSTALL drivers/media/video/sunxi-vfe/vfe_os.ko
  INSTALL drivers/media/video/sunxi-vfe/vfe_subdev.ko
  INSTALL drivers/media/video/sunxi-vfe/vfe_v4l2.ko
  INSTALL drivers/media/video/uvc/uvcvideo.ko
  INSTALL drivers/media/video/videobuf-core.ko
  INSTALL drivers/media/video/videobuf-dma-contig.ko
  INSTALL drivers/net/usb/asix.ko
  INSTALL drivers/net/usb/cdc_ether.ko
  INSTALL drivers/net/usb/mcs7830.ko
  INSTALL drivers/net/usb/qf9700.ko
  INSTALL drivers/net/usb/rtl8150.ko
  INSTALL drivers/net/usb/usbnet.ko
  INSTALL drivers/net/wireless/bcmdhd/bcmdhd.ko
  INSTALL drivers/net/wireless/rt2x00/rt2800lib.ko
  INSTALL drivers/net/wireless/rt2x00/rt2800usb.ko
  INSTALL drivers/net/wireless/rt2x00/rt2x00lib.ko
  INSTALL drivers/net/wireless/rt2x00/rt2x00usb.ko
  INSTALL drivers/net/wireless/rtl8188eu/8188eu.ko
  INSTALL drivers/net/wireless/rtl8189es/8189es.ko
  INSTALL drivers/net/wireless/rtl8723bs/8723bs.ko
  INSTALL drivers/net/wireless/rtlwifi/rtl8192c/rtl8192c-common.ko
  INSTALL drivers/net/wireless/rtlwifi/rtl8192cu/rtl8192cu.ko
  INSTALL drivers/net/wireless/rtlwifi/rtlwifi.ko
  INSTALL drivers/pwm/pwm-sunxi.ko
  INSTALL drivers/scsi/scsi_wait_scan.ko
  INSTALL drivers/usb/class/cdc-acm.ko
  INSTALL drivers/usb/serial/ch341.ko
  INSTALL drivers/usb/serial/cp210x.ko
  INSTALL drivers/usb/serial/ftdi_sio.ko
  INSTALL drivers/usb/serial/pl2303.ko
  INSTALL drivers/usb/serial/sierra.ko
  INSTALL drivers/video/sunxi/disp2/tv/tv.ko
  INSTALL drivers/w1/masters/w1-gpio.ko
  INSTALL drivers/w1/slaves/w1_therm.ko
  INSTALL drivers/w1/w1_sunxi.ko
  INSTALL drivers/w1/wire.ko
  INSTALL net/mac80211/mac80211.ko
  INSTALL net/netfilter/xt_pkttype.ko
  INSTALL sound/core/snd-hwdep.ko
  INSTALL sound/soc/sunxi/spdif/sndspdif.ko
  INSTALL sound/soc/sunxi/spdif/sunxi_sndspdif.ko
  INSTALL sound/soc/sunxi/spdif/sunxi_spdif.ko
  INSTALL sound/soc/sunxi/spdif/sunxi_spdma.ko
  INSTALL sound/usb/snd-usb-audio.ko
  INSTALL sound/usb/snd-usbmidi-lib.ko
  DEPMOD  3.4.39
