
arch/arm/mach-sunxi/power/brom/resumes.elf:     file format elf32-littlearm


Disassembly of section .text:

00000000 <resume_head>:
   0:	ea00000a 	b	30 <_start>
   4:	4e4f4765 	cdpmi	7, 4, cr4, cr15, cr5, {3}
   8:	3054422e 	subscc	r4, r4, lr, lsr #4
   c:	5f0a6c39 	svcpl	0x000a6c39
  10:	00000400 	andeq	r0, r0, r0, lsl #8
  14:	00000030 	andeq	r0, r0, r0, lsr r0
  18:	30303131 	eorscc	r3, r0, r1, lsr r1
  1c:	30333231 	eorscc	r3, r3, r1, lsr r2
  20:	30333231 	eorscc	r3, r3, r1, lsr r2
  24:	30303131 	eorscc	r3, r0, r1, lsr r1
	...

00000030 <_start>:
  30:	e10f0000 	mrs	r0, CPSR
  34:	e3c0001f 	bic	r0, r0, #31
  38:	e3800013 	orr	r0, r0, #19
  3c:	e38000c0 	orr	r0, r0, #192	; 0xc0
  40:	e3c00c02 	bic	r0, r0, #512	; 0x200
  44:	e121f000 	msr	CPSR_c, r0
  48:	ee110f10 	mrc	15, 0, r0, cr1, cr0, {0}
  4c:	e3c00005 	bic	r0, r0, #5
  50:	e3c00b06 	bic	r0, r0, #6144	; 0x1800
  54:	e3c00002 	bic	r0, r0, #2
  58:	ee010f10 	mcr	15, 0, r0, cr1, cr0, {0}
  5c:	f57ff04f 	dsb	sy
  60:	f57ff06f 	isb	sy
  64:	e59f0068 	ldr	r0, [pc, #104]	; d4 <cpu_brom_addr+0x8>
  68:	e5901000 	ldr	r1, [r0]
  6c:	e3811902 	orr	r1, r1, #32768	; 0x8000
  70:	e5801000 	str	r1, [r0]
  74:	e5901000 	ldr	r1, [r0]
  78:	e1a02821 	lsr	r2, r1, #16
  7c:	e3a03d5a 	mov	r3, #5760	; 0x1680
  80:	e1520003 	cmp	r2, r3
  84:	0a000004 	beq	9c <config_80>

00000088 <config_50>:
  88:	e59f0048 	ldr	r0, [pc, #72]	; d8 <cpu_brom_addr+0xc>
  8c:	e5901000 	ldr	r1, [r0]
  90:	e3811b06 	orr	r1, r1, #6144	; 0x1800
  94:	e5801000 	str	r1, [r0]
  98:	ea000003 	b	ac <config_end>

0000009c <config_80>:
  9c:	e59f0034 	ldr	r0, [pc, #52]	; d8 <cpu_brom_addr+0xc>
  a0:	e5901000 	ldr	r1, [r0]
  a4:	e38110c0 	orr	r1, r1, #192	; 0xc0
  a8:	e5801000 	str	r1, [r0]

000000ac <config_end>:
  ac:	f57ff04f 	dsb	sy
  b0:	f57ff06f 	isb	sy
  b4:	e3a00000 	mov	r0, #0
  b8:	e5901000 	ldr	r1, [r0]
  bc:	f57ff05f 	dmb	sy
  c0:	e12fff11 	bx	r1
  c4:	eafffffe 	b	c4 <config_end+0x18>
  c8:	00000004 	andeq	r0, r0, r4

000000cc <cpu_brom_addr>:
	...
  d4:	01c00024 	biceq	r0, r0, r4, lsr #32
  d8:	01c00044 	biceq	r0, r0, r4, asr #32

Disassembly of section .debug_info:

00000000 <.debug_info>:
   0:	0000013d 	andeq	r0, r0, sp, lsr r1
   4:	00000002 	andeq	r0, r0, r2
   8:	01040000 	mrseq	r0, (UNDEF: 4)
   c:	000000fd 	strdeq	r0, [r0], -sp
  10:	00006101 	andeq	r6, r0, r1, lsl #2
  14:	0000ad00 	andeq	sl, r0, r0, lsl #26
  18:	0000dc00 	andeq	sp, r0, r0, lsl #24
  1c:	0000dc00 	andeq	sp, r0, r0, lsl #24
  20:	00000000 	andeq	r0, r0, r0
  24:	06010200 	streq	r0, [r1], -r0, lsl #4
  28:	0000001f 	andeq	r0, r0, pc, lsl r0
  2c:	00000603 	andeq	r0, r0, r3, lsl #12
  30:	37270100 	strcc	r0, [r7, -r0, lsl #2]!
  34:	02000000 	andeq	r0, r0, #0
  38:	001d0801 	andseq	r0, sp, r1, lsl #16
  3c:	02020000 	andeq	r0, r2, #0
  40:	00014505 	andeq	r4, r1, r5, lsl #10
  44:	07020200 	streq	r0, [r2, -r0, lsl #4]
  48:	00000129 	andeq	r0, r0, r9, lsr #2
  4c:	69050404 	stmdbvs	r5, {r2, sl}
  50:	0300746e 	movweq	r7, #1134	; 0x46e
  54:	00000000 	andeq	r0, r0, r0
  58:	005e2b01 	subseq	r2, lr, r1, lsl #22
  5c:	04020000 	streq	r0, [r2], #-0
  60:	00012f07 	andeq	r2, r1, r7, lsl #30
  64:	000b0500 	andeq	r0, fp, r0, lsl #10
  68:	01300000 	teqeq	r0, r0
  6c:	0000fe3e 	andeq	pc, r0, lr, lsr lr	; <UNPREDICTABLE>
  70:	008e0600 	addeq	r0, lr, r0, lsl #12
  74:	40010000 	andmi	r0, r1, r0
  78:	00000053 	andeq	r0, r0, r3, asr r0
  7c:	06002302 	streq	r2, [r0], -r2, lsl #6
  80:	000000f7 	strdeq	r0, [r0], -r7
  84:	00fe4101 	rscseq	r4, lr, r1, lsl #2
  88:	23020000 	movwcs	r0, #8192	; 0x2000
  8c:	011f0604 	tsteq	pc, r4, lsl #12
  90:	42010000 	andmi	r0, r1, #0
  94:	00000053 	andeq	r0, r0, r3, asr r0
  98:	060c2302 	streq	r2, [ip], -r2, lsl #6
  9c:	00000039 	andeq	r0, r0, r9, lsr r0
  a0:	00534301 	subseq	r4, r3, r1, lsl #6
  a4:	23020000 	movwcs	r0, #8192	; 0x2000
  a8:	009f0610 	addseq	r0, pc, r0, lsl r6	; <UNPREDICTABLE>
  ac:	44010000 	strmi	r0, [r1], #-0
  b0:	00000053 	andeq	r0, r0, r3, asr r0
  b4:	06142302 	ldreq	r2, [r4], -r2, lsl #6
  b8:	00000040 	andeq	r0, r0, r0, asr #32
  bc:	010e4501 	tsteq	lr, r1, lsl #10
  c0:	23020000 	movwcs	r0, #8192	; 0x2000
  c4:	002b0618 	eoreq	r0, fp, r8, lsl r6
  c8:	46010000 	strmi	r0, [r1], -r0
  cc:	0000010e 	andeq	r0, r0, lr, lsl #2
  d0:	061c2302 	ldreq	r2, [ip], -r2, lsl #6
  d4:	00000056 	andeq	r0, r0, r6, asr r0
  d8:	010e4701 	tsteq	lr, r1, lsl #14
  dc:	23020000 	movwcs	r0, #8192	; 0x2000
  e0:	004d0620 	subeq	r0, sp, r0, lsr #12
  e4:	48010000 	stmdami	r1, {}	; <UNPREDICTABLE>
  e8:	0000010e 	andeq	r0, r0, lr, lsl #2
  ec:	06242302 	strteq	r2, [r4], -r2, lsl #6
  f0:	0000013c 	andeq	r0, r0, ip, lsr r1
  f4:	00fe4901 	rscseq	r4, lr, r1, lsl #18
  f8:	23020000 	movwcs	r0, #8192	; 0x2000
  fc:	2c070028 	stccs	0, cr0, [r7], {40}	; 0x28
 100:	0e000000 	cdpeq	0, 0, cr0, cr0, cr0, {0}
 104:	08000001 	stmdaeq	r0, {r0}
 108:	0000005e 	andeq	r0, r0, lr, asr r0
 10c:	2c070007 	stccs	0, cr0, [r7], {7}
 110:	1e000000 	cdpne	0, 0, cr0, cr0, cr0, {0}
 114:	08000001 	stmdaeq	r0, {r0}
 118:	0000005e 	andeq	r0, r0, lr, asr r0
 11c:	5b030003 	blpl	c0130 <__bss_end+0xc0054>
 120:	01000001 	tsteq	r0, r1
 124:	0000654a 	andeq	r6, r0, sl, asr #10
 128:	014f0900 	cmpeq	pc, r0, lsl #18
 12c:	25020000 	strcs	r0, [r2, #-0]
 130:	0000013b 	andeq	r0, r0, fp, lsr r1
 134:	00030501 	andeq	r0, r3, r1, lsl #10
 138:	0a000000 	beq	140 <__bss_end+0x64>
 13c:	0000011e 	andeq	r0, r0, lr, lsl r1
 140:	00009500 	andeq	r9, r0, r0, lsl #10
 144:	7f000200 	svcvc	0x00000200
 148:	04000000 	streq	r0, [r0], #-0
 14c:	00007b01 	andeq	r7, r0, r1, lsl #22
 150:	00003000 	andeq	r3, r0, r0
 154:	0000dc00 	andeq	sp, r0, r0, lsl #24
 158:	63726100 	cmnvs	r2, #0
 15c:	72612f68 	rsbvc	r2, r1, #416	; 0x1a0
 160:	616d2f6d 	cmnvs	sp, sp, ror #30
 164:	732d6863 	teqvc	sp, #6488064	; 0x630000
 168:	69786e75 	ldmdbvs	r8!, {r0, r2, r4, r5, r6, r9, sl, fp, sp, lr}^
 16c:	776f702f 	strbvc	r7, [pc, -pc, lsr #32]!
 170:	622f7265 	eorvs	r7, pc, #1342177286	; 0x50000006
 174:	2f6d6f72 	svccs	0x006d6f72
 178:	75736572 	ldrbvc	r6, [r3, #-1394]!	; 0x572
 17c:	2e73656d 	cdpcs	5, 7, cr6, cr3, cr13, {3}
 180:	682f0053 	stmdavs	pc!, {r0, r1, r4, r6}	; <UNPREDICTABLE>
 184:	2f656d6f 	svccs	0x00656d6f
 188:	6e6f656c 	cdpvs	5, 6, cr6, cr15, cr12, {3}
 18c:	6f647261 	svcvs	0x00647261
 190:	7365442f 	cmnvc	r5, #788529152	; 0x2f000000
 194:	706f746b 	rsbvc	r7, pc, fp, ror #8
 198:	626d652f 	rsbvs	r6, sp, #197132288	; 0xbc00000
 19c:	6f746465 	svcvs	0x00746465
 1a0:	6f2f6c6f 	svcvs	0x002f6c6f
 1a4:	676e6172 			; <UNDEFINED> instruction: 0x676e6172
 1a8:	4b697065 	blmi	1a5c344 <__bss_end+0x1a5c268>
 1ac:	656e7265 	strbvs	r7, [lr, #-613]!	; 0x265
 1b0:	724f2f6c 	subvc	r2, pc, #432	; 0x1b0
 1b4:	65676e61 	strbvs	r6, [r7, #-3681]!	; 0xe61
 1b8:	4b2d4950 	blmi	b52700 <__bss_end+0xb52624>
 1bc:	656e7265 	strbvs	r7, [lr, #-613]!	; 0x265
 1c0:	696c2f6c 	stmdbvs	ip!, {r2, r3, r5, r6, r8, r9, sl, fp, sp}^
 1c4:	2d78756e 	cfldr64cs	mvdx7, [r8, #-440]!	; 0xfffffe48
 1c8:	00342e33 	eorseq	r2, r4, r3, lsr lr
 1cc:	20554e47 	subscs	r4, r5, r7, asr #28
 1d0:	32205341 	eorcc	r5, r0, #67108865	; 0x4000001
 1d4:	0032322e 	eorseq	r3, r2, lr, lsr #4
 1d8:	Address 0x000001d8 is out of bounds.


Disassembly of section .debug_abbrev:

00000000 <.debug_abbrev>:
   0:	25011101 	strcs	r1, [r1, #-257]	; 0x101
   4:	030b130e 	movweq	r1, #45838	; 0xb30e
   8:	110e1b0e 	tstne	lr, lr, lsl #22
   c:	10011201 	andne	r1, r1, r1, lsl #4
  10:	02000006 	andeq	r0, r0, #6
  14:	0b0b0024 	bleq	2c00ac <__bss_end+0x2bffd0>
  18:	0e030b3e 	vmoveq.16	d3[0], r0
  1c:	16030000 	strne	r0, [r3], -r0
  20:	3a0e0300 	bcc	380c28 <__bss_end+0x380b4c>
  24:	490b3b0b 	stmdbmi	fp, {r0, r1, r3, r8, r9, fp, ip, sp}
  28:	04000013 	streq	r0, [r0], #-19
  2c:	0b0b0024 	bleq	2c00c4 <__bss_end+0x2bffe8>
  30:	08030b3e 	stmdaeq	r3, {r1, r2, r3, r4, r5, r8, r9, fp}
  34:	13050000 	movwne	r0, #20480	; 0x5000
  38:	0b0e0301 	bleq	380c44 <__bss_end+0x380b68>
  3c:	3b0b3a0b 	blcc	2ce870 <__bss_end+0x2ce794>
  40:	0013010b 	andseq	r0, r3, fp, lsl #2
  44:	000d0600 	andeq	r0, sp, r0, lsl #12
  48:	0b3a0e03 	bleq	e8385c <__bss_end+0xe83780>
  4c:	13490b3b 	movtne	r0, #39739	; 0x9b3b
  50:	00000a38 	andeq	r0, r0, r8, lsr sl
  54:	49010107 	stmdbmi	r1, {r0, r1, r2, r8}
  58:	00130113 	andseq	r0, r3, r3, lsl r1
  5c:	00210800 	eoreq	r0, r1, r0, lsl #16
  60:	0b2f1349 	bleq	bc4d8c <__bss_end+0xbc4cb0>
  64:	34090000 	strcc	r0, [r9], #-0
  68:	3a0e0300 	bcc	380c70 <__bss_end+0x380b94>
  6c:	490b3b0b 	stmdbmi	fp, {r0, r1, r3, r8, r9, fp, ip, sp}
  70:	020c3f13 	andeq	r3, ip, #76	; 0x4c
  74:	0a00000a 	beq	a4 <config_80+0x8>
  78:	13490026 	movtne	r0, #36902	; 0x9026
  7c:	01000000 	mrseq	r0, (UNDEF: 0)
  80:	06100011 			; <UNDEFINED> instruction: 0x06100011
  84:	01120111 	tsteq	r2, r1, lsl r1
  88:	081b0803 	ldmdaeq	fp, {r0, r1, fp}
  8c:	05130825 	ldreq	r0, [r3, #-2085]	; 0x825
  90:	Address 0x00000090 is out of bounds.


Disassembly of section .debug_line:

00000000 <.debug_line>:
   0:	00000077 	andeq	r0, r0, r7, ror r0
   4:	00710002 	rsbseq	r0, r1, r2
   8:	01020000 	mrseq	r0, (UNDEF: 2)
   c:	000d0efb 	strdeq	r0, [sp], -fp
  10:	01010101 	tsteq	r1, r1, lsl #2
  14:	01000000 	mrseq	r0, (UNDEF: 0)
  18:	61010000 	mrsvs	r0, (UNDEF: 1)
  1c:	2f686372 	svccs	0x00686372
  20:	2f6d7261 	svccs	0x006d7261
  24:	6863616d 	stmdavs	r3!, {r0, r2, r3, r5, r6, r8, sp, lr}^
  28:	6e75732d 	cdpvs	3, 7, cr7, cr5, cr13, {1}
  2c:	702f6978 	eorvc	r6, pc, r8, ror r9	; <UNPREDICTABLE>
  30:	7265776f 	rsbvc	r7, r5, #29097984	; 0x1bc0000
  34:	6f72622f 	svcvs	0x0072622f
  38:	002e2f6d 	eoreq	r2, lr, sp, ror #30
  3c:	68637261 	stmdavs	r3!, {r0, r5, r6, r9, ip, sp, lr}^
  40:	6d72612f 	ldfvse	f6, [r2, #-188]!	; 0xffffff44
  44:	63616d2f 	cmnvs	r1, #3008	; 0xbc0
  48:	75732d68 	ldrbvc	r2, [r3, #-3432]!	; 0xd68
  4c:	2f69786e 	svccs	0x0069786e
  50:	65776f70 	ldrbvs	r6, [r7, #-3952]!	; 0xf70
  54:	72622f72 	rsbvc	r2, r2, #456	; 0x1c8
  58:	00006d6f 	andeq	r6, r0, pc, ror #26
  5c:	75736572 	ldrbvc	r6, [r3, #-1394]!	; 0x572
  60:	2e73656d 	cdpcs	5, 7, cr6, cr3, cr13, {3}
  64:	00010068 	andeq	r0, r1, r8, rrx
  68:	73657200 	cmnvc	r5, #0
  6c:	5f656d75 	svcpl	0x00656d75
  70:	64616568 	strbtvs	r6, [r1], #-1384	; 0x568
  74:	0200632e 	andeq	r6, r0, #-1207959552	; 0xb8000000
  78:	86000000 	strhi	r0, [r0], -r0
  7c:	02000000 	andeq	r0, r0, #0
  80:	00003f00 	andeq	r3, r0, r0, lsl #30
  84:	fb010200 	blx	4088e <__bss_end+0x407b2>
  88:	01000d0e 	tsteq	r0, lr, lsl #26
  8c:	00010101 	andeq	r0, r1, r1, lsl #2
  90:	00010000 	andeq	r0, r1, r0
  94:	72610100 	rsbvc	r0, r1, #0
  98:	612f6863 	teqvs	pc, r3, ror #16
  9c:	6d2f6d72 	stcvs	13, cr6, [pc, #-456]!	; fffffedc <__bss_end+0xfffffe00>
  a0:	2d686361 	stclcs	3, cr6, [r8, #-388]!	; 0xfffffe7c
  a4:	786e7573 	stmdavc	lr!, {r0, r1, r4, r5, r6, r8, sl, ip, sp, lr}^
  a8:	6f702f69 	svcvs	0x00702f69
  ac:	2f726577 	svccs	0x00726577
  b0:	6d6f7262 	sfmvs	f7, 2, [pc, #-392]!	; ffffff30 <__bss_end+0xfffffe54>
  b4:	65720000 	ldrbvs	r0, [r2, #-0]!
  b8:	656d7573 	strbvs	r7, [sp, #-1395]!	; 0x573
  bc:	00532e73 	subseq	r2, r3, r3, ror lr
  c0:	00000001 	andeq	r0, r0, r1
  c4:	30020500 	andcc	r0, r2, r0, lsl #10
  c8:	03000000 	movweq	r0, #0
  cc:	2f0100c9 	svccs	0x000100c9
  d0:	2f2f2f2f 	svccs	0x002f2f2f
  d4:	2f2f2f33 	svccs	0x002f2f33
  d8:	032f302f 	teqeq	pc, #47	; 0x2f
  dc:	302f2e21 	eorcc	r2, pc, r1, lsr #28
  e0:	2f2f302f 	svccs	0x002f302f
  e4:	2f322f2f 	svccs	0x00322f2f
  e8:	322f2f2f 	eorcc	r2, pc, #188	; 0xbc
  ec:	032f2f2f 	teqeq	pc, #188	; 0xbc
  f0:	032f2e0c 	teqeq	pc, #192	; 0xc0
  f4:	2f2f2e0f 	svccs	0x002f2e0f
  f8:	4603302f 	strmi	r3, [r3], -pc, lsr #32
  fc:	2e0e0382 	cdpcs	3, 0, cr0, cr14, cr2, {4}
 100:	01000202 	tsteq	r0, r2, lsl #4
 104:	Address 0x00000104 is out of bounds.


Disassembly of section .debug_str:

00000000 <.debug_str>:
   0:	33755f5f 	cmncc	r5, #380	; 0x17c
   4:	5f5f0032 	svcpl	0x005f0032
   8:	5f003875 	svcpl	0x00003875
   c:	75736552 	ldrbvc	r6, [r3, #-1362]!	; 0x552
  10:	665f656d 	ldrbvs	r6, [pc], -sp, ror #10
  14:	5f656c69 	svcpl	0x00656c69
  18:	64616568 	strbtvs	r6, [r1], #-1384	; 0x568
  1c:	736e7500 	cmnvc	lr, #0
  20:	656e6769 	strbvs	r6, [lr, #-1897]!	; 0x769
  24:	68632064 	stmdavs	r3!, {r2, r5, r6, sp}^
  28:	66007261 	strvs	r7, [r0], -r1, ror #4
  2c:	5f656c69 	svcpl	0x00656c69
  30:	64616568 	strbtvs	r6, [r1], #-1384	; 0x568
  34:	6e73765f 	mrcvs	6, 3, r7, cr3, cr15, {2}
  38:	6e656c00 	cdpvs	12, 6, cr6, cr5, cr0, {0}
  3c:	00687467 	rsbeq	r7, r8, r7, ror #8
  40:	5f627570 	svcpl	0x00627570
  44:	64616568 	strbtvs	r6, [r1], #-1384	; 0x568
  48:	6e73765f 	mrcvs	6, 3, r7, cr3, cr15, {2}
  4c:	4f476500 	svcmi	0x00476500
  50:	73765f4e 	cmnvc	r6, #312	; 0x138
  54:	6552006e 	ldrbvs	r0, [r2, #-110]	; 0x6e
  58:	656d7573 	strbvs	r7, [sp, #-1395]!	; 0x573
  5c:	6e73765f 	mrcvs	6, 3, r7, cr3, cr15, {2}
  60:	63726100 	cmnvs	r2, #0
  64:	72612f68 	rsbvc	r2, r1, #416	; 0x1a0
  68:	616d2f6d 	cmnvs	sp, sp, ror #30
  6c:	732d6863 	teqvc	sp, #6488064	; 0x630000
  70:	69786e75 	ldmdbvs	r8!, {r0, r2, r4, r5, r6, r9, sl, fp, sp, lr}^
  74:	776f702f 	strbvc	r7, [pc, -pc, lsr #32]!
  78:	622f7265 	eorvs	r7, pc, #1342177286	; 0x50000006
  7c:	2f6d6f72 	svccs	0x006d6f72
  80:	75736572 	ldrbvc	r6, [r3, #-1394]!	; 0x572
  84:	685f656d 	ldmdavs	pc, {r0, r2, r3, r5, r6, r8, sl, sp, lr}^	; <UNPREDICTABLE>
  88:	2e646165 	powcssz	f6, f4, f5
  8c:	756a0063 	strbvc	r0, [sl, #-99]!	; 0x63
  90:	695f706d 	ldmdbvs	pc, {r0, r2, r3, r5, r6, ip, sp, lr}^	; <UNPREDICTABLE>
  94:	7274736e 	rsbsvc	r7, r4, #-1207959551	; 0xb8000001
  98:	69746375 	ldmdbvs	r4!, {r0, r2, r4, r5, r6, r8, r9, sp, lr}^
  9c:	70006e6f 	andvc	r6, r0, pc, ror #28
  a0:	685f6275 	ldmdavs	pc, {r0, r2, r4, r5, r6, r9, sp, lr}^	; <UNPREDICTABLE>
  a4:	5f646165 	svcpl	0x00646165
  a8:	657a6973 	ldrbvs	r6, [sl, #-2419]!	; 0x973
  ac:	6f682f00 	svcvs	0x00682f00
  b0:	6c2f656d 	cfstr32vs	mvfx6, [pc], #-436	; ffffff04 <__bss_end+0xfffffe28>
  b4:	616e6f65 	cmnvs	lr, r5, ror #30
  b8:	2f6f6472 	svccs	0x006f6472
  bc:	6b736544 	blvs	1cd95d4 <__bss_end+0x1cd94f8>
  c0:	2f706f74 	svccs	0x00706f74
  c4:	65626d65 	strbvs	r6, [r2, #-3429]!	; 0xd65
  c8:	6f6f7464 	svcvs	0x006f7464
  cc:	726f2f6c 	rsbvc	r2, pc, #432	; 0x1b0
  d0:	65676e61 	strbvs	r6, [r7, #-3681]!	; 0xe61
  d4:	654b6970 	strbvs	r6, [fp, #-2416]	; 0x970
  d8:	6c656e72 	stclvs	14, cr6, [r5], #-456	; 0xfffffe38
  dc:	61724f2f 	cmnvs	r2, pc, lsr #30
  e0:	5065676e 	rsbpl	r6, r5, lr, ror #14
  e4:	654b2d49 	strbvs	r2, [fp, #-3401]	; 0xd49
  e8:	6c656e72 	stclvs	14, cr6, [r5], #-456	; 0xfffffe38
  ec:	6e696c2f 	cdpvs	12, 6, cr6, cr9, cr15, {1}
  f0:	332d7875 	teqcc	sp, #7667712	; 0x750000
  f4:	6d00342e 	cfstrsvs	mvf3, [r0, #-184]	; 0xffffff48
  f8:	63696761 	cmnvs	r9, #25427968	; 0x1840000
  fc:	554e4700 	strbpl	r4, [lr, #-1792]	; 0x700
 100:	34204320 	strtcc	r4, [r0], #-800	; 0x320
 104:	332e362e 	teqcc	lr, #48234496	; 0x2e00000
 108:	31303220 	teqcc	r0, r0, lsr #4
 10c:	30323032 	eorscc	r3, r2, r2, lsr r0
 110:	70282031 	eorvc	r2, r8, r1, lsr r0
 114:	65726572 	ldrbvs	r6, [r2, #-1394]!	; 0x572
 118:	7361656c 	cmnvc	r1, #452984832	; 0x1b000000
 11c:	63002965 	movwvs	r2, #2405	; 0x965
 120:	6b636568 	blvs	18d96c8 <__bss_end+0x18d95ec>
 124:	6d75735f 	ldclvs	3, cr7, [r5, #-380]!	; 0xfffffe84
 128:	6f687300 	svcvs	0x00687300
 12c:	75207472 	strvc	r7, [r0, #-1138]!	; 0x472
 130:	6769736e 	strbvs	r7, [r9, -lr, ror #6]!
 134:	2064656e 	rsbcs	r6, r4, lr, ror #10
 138:	00746e69 	rsbseq	r6, r4, r9, ror #28
 13c:	74616c70 	strbtvc	r6, [r1], #-3184	; 0xc70
 140:	6d726f66 	ldclvs	15, cr6, [r2, #-408]!	; 0xfffffe68
 144:	6f687300 	svcvs	0x00687300
 148:	69207472 	stmdbvs	r0!, {r1, r4, r5, r6, sl, ip, sp, lr}
 14c:	7200746e 	andvc	r7, r0, #1845493760	; 0x6e000000
 150:	6d757365 	ldclvs	3, cr7, [r5, #-404]!	; 0xfffffe6c
 154:	65685f65 	strbvs	r5, [r8, #-3941]!	; 0xf65
 158:	72006461 	andvc	r6, r0, #1627389952	; 0x61000000
 15c:	6d757365 	ldclvs	3, cr7, [r5, #-404]!	; 0xfffffe6c
 160:	69665f65 	stmdbvs	r6!, {r0, r2, r5, r6, r8, r9, sl, fp, ip, lr}^
 164:	685f656c 	ldmdavs	pc, {r2, r3, r5, r6, r8, sl, sp, lr}^	; <UNPREDICTABLE>
 168:	5f646165 	svcpl	0x00646165
 16c:	Address 0x0000016c is out of bounds.


Disassembly of section .comment:

00000000 <.comment>:
   0:	3a434347 	bcc	10d0d24 <__bss_end+0x10d0c48>
   4:	72632820 	rsbvc	r2, r3, #2097152	; 0x200000
   8:	7473736f 	ldrbtvc	r7, [r3], #-879	; 0x36f
   c:	2d6c6f6f 	stclcs	15, cr6, [ip, #-444]!	; 0xfffffe44
  10:	6c20474e 	stcvs	7, cr4, [r0], #-312	; 0xfffffec8
  14:	72616e69 	rsbvc	r6, r1, #1680	; 0x690
  18:	2e312d6f 	cdpcs	13, 3, cr2, cr1, cr15, {3}
  1c:	312e3331 	teqcc	lr, r1, lsr r3
  20:	3130322d 	teqcc	r0, sp, lsr #4
  24:	32302e32 	eorscc	r2, r0, #800	; 0x320
  28:	3130322d 	teqcc	r0, sp, lsr #4
  2c:	32323032 	eorscc	r3, r2, #50	; 0x32
  30:	202d2032 	eorcs	r2, sp, r2, lsr r0
  34:	616e694c 	cmnvs	lr, ip, asr #18
  38:	47206f72 			; <UNDEFINED> instruction: 0x47206f72
  3c:	32204343 	eorcc	r4, r0, #201326593	; 0xc000001
  40:	2e323130 	mrccs	1, 1, r3, cr2, cr0, {1}
  44:	20293230 	eorcs	r3, r9, r0, lsr r2
  48:	2e362e34 	mrccs	14, 1, r2, cr6, cr4, {1}
  4c:	30322033 	eorscc	r2, r2, r3, lsr r0
  50:	32303231 	eorscc	r3, r0, #268435459	; 0x10000003
  54:	28203130 	stmdacs	r0!, {r4, r5, r8, ip, sp}
  58:	72657270 	rsbvc	r7, r5, #7
  5c:	61656c65 	cmnvs	r5, r5, ror #24
  60:	00296573 	eoreq	r6, r9, r3, ror r5

Disassembly of section .ARM.attributes:

00000000 <.ARM.attributes>:
   0:	00003241 	andeq	r3, r0, r1, asr #4
   4:	61656100 	cmnvs	r5, r0, lsl #2
   8:	01006962 	tsteq	r0, r2, ror #18
   c:	00000028 	andeq	r0, r0, r8, lsr #32
  10:	412d3705 	teqmi	sp, r5, lsl #14
  14:	070a0600 	streq	r0, [sl, -r0, lsl #12]
  18:	09010841 	stmdbeq	r1, {r0, r6, fp}
  1c:	12040a02 	andne	r0, r4, #8192	; 0x2000
  20:	15011404 	strne	r1, [r1, #-1028]	; 0x404
  24:	18031701 	stmdane	r3, {r0, r8, r9, sl, ip}
  28:	1b021a01 	blne	86834 <__bss_end+0x86758>
  2c:	22021e03 	andcs	r1, r2, #48	; 0x30
  30:	Address 0x00000030 is out of bounds.


Disassembly of section .debug_aranges:

00000000 <.debug_aranges>:
   0:	0000001c 	andeq	r0, r0, ip, lsl r0
   4:	01410002 	cmpeq	r1, r2
   8:	00040000 	andeq	r0, r4, r0
   c:	00000000 	andeq	r0, r0, r0
  10:	00000030 	andeq	r0, r0, r0, lsr r0
  14:	000000ac 	andeq	r0, r0, ip, lsr #1
	...
